<?xml version="1.0" encoding="UTF-8"?>
<!-- Generated by org.testng.reporters.JUnitReportReporter -->
<testsuite skipped="0" hostname="DESKTOP-7GP1KNR" name="TestNG.verfiyaddbook" tests="1" failures="0" timestamp="02 Feb 2020 16:16:08 GMT" time="14.574" errors="0">
  <testcase name="verfiy" time="14.574" classname="TestNG.verfiyaddbook"/>
</testsuite> <!-- TestNG.verfiyaddbook -->
